<?xml version="1.0" encoding="UTF-8"?>
<!-- Generated by org.testng.reporters.JUnitReportReporter -->
<testsuite hostname="Dell-PC" failures="0" tests="1" name="tests.LoginTest" time="17.099" errors="0" timestamp="30 Aug 2019 18:10:09 GMT" skipped="0">
  <testcase classname="tests.LoginTest" name="MainTest" time="17.099"/>
</testsuite> <!-- tests.LoginTest -->
