<?xml version="1.0" encoding="UTF-8"?>
<!-- Generated by org.testng.reporters.JUnitReportReporter -->
<testsuite hostname="Dell-PC" failures="0" tests="1" name="tests.NavigationTest" time="4.485" errors="0" timestamp="27 Aug 2019 19:01:22 GMT" skipped="0">
  <testcase classname="tests.NavigationTest" name="navigationTest" time="4.485"/>
</testsuite> <!-- tests.NavigationTest -->
