<?xml version="1.0" encoding="UTF-8"?>
<!-- Generated by org.testng.reporters.JUnitReportReporter -->
<testsuite hostname="Dell-PC" failures="0" tests="1" name="tests.UploadPageTest" time="5.809" errors="0" timestamp="30 Aug 2019 16:22:59 GMT" skipped="0">
  <testcase classname="tests.UploadPageTest" name="Test3" time="5.809"/>
</testsuite> <!-- tests.UploadPageTest -->
